git
jq
hyprland
kitty
zsh
firefox
vim
noto-fonts
noto-fonts-emoji
noto-fonts-cjk
noto-fonts-extra
otf-font-awesome
ttf-fira-sans
ttf-fira-code
ttf-firacode-nerd
ttf-dejavu
otf-geist-mono-nerd
xdg-desktop-portal-hyprland
xdg-desktop-portal-gtk
qt5-wayland
qt6-wayland
swww
network-manager-applet
gtk4
qt6ct
nwg-look
rofi-wayland
libadwaita
papirus-icon-theme
cantarell-fonts
waybar
nautilus
matugen
imagemagick
brightnessctl
bluez
bluez-utils
blueman
swaync
pavucontrol
hyprlock
python-pywalfox
breeze
